2022-08-26 22:39:58.312  INFO DESKTOP-GB3C1VT --- [  restartedMain] e.u.v.BeUdpm11V1Application              : Starting BeUdpm11V1Application using Java 15.0.1 on DESKTOP-GB3C1VT with PID 110396 (D:\Fall2022\DuAnTotNghiep\Project\BE_UDPM_11_V1\target\classes started by ducit in D:\Fall2022\DuAnTotNghiep\Project\BE_UDPM_11_V1)
2022-08-26 22:39:58.314  INFO DESKTOP-GB3C1VT --- [  restartedMain] e.u.v.BeUdpm11V1Application              : No active profile set, falling back to 1 default profile: "default"
2022-08-26 22:39:59.160  INFO DESKTOP-GB3C1VT --- [  restartedMain] .s.d.r.c.RepositoryConfigurationDelegate : Bootstrapping Spring Data JPA repositories in DEFAULT mode.
2022-08-26 22:39:59.171  INFO DESKTOP-GB3C1VT --- [  restartedMain] .s.d.r.c.RepositoryConfigurationDelegate : Finished Spring Data repository scanning in 10 ms. Found 0 JPA repository interfaces.
2022-08-26 22:40:00.005  INFO DESKTOP-GB3C1VT --- [  restartedMain] o.s.b.w.e.t.TomcatWebServer              : Tomcat initialized with port(s): 8080 (http)
2022-08-26 22:40:00.007  INFO DESKTOP-GB3C1VT --- [  restartedMain] o.a.c.h.Http11NioProtocol                : Initializing ProtocolHandler ["http-nio-8080"]
2022-08-26 22:40:00.008  INFO DESKTOP-GB3C1VT --- [  restartedMain] o.a.c.c.StandardService                  : Starting service [Tomcat]
2022-08-26 22:40:00.008  INFO DESKTOP-GB3C1VT --- [  restartedMain] o.a.c.c.StandardEngine                   : Starting Servlet engine: [Apache Tomcat/9.0.65]
2022-08-26 22:40:00.129  INFO DESKTOP-GB3C1VT --- [  restartedMain] o.a.c.c.C.[.[.[/]                        : Initializing Spring embedded WebApplicationContext
2022-08-26 22:40:00.129  INFO DESKTOP-GB3C1VT --- [  restartedMain] w.s.c.ServletWebServerApplicationContext : Root WebApplicationContext: initialization completed in 1807 ms
2022-08-26 22:40:00.337  INFO DESKTOP-GB3C1VT --- [  restartedMain] o.h.j.i.u.LogHelper                      : HHH000204: Processing PersistenceUnitInfo [name: default]
2022-08-26 22:40:00.347  INFO DESKTOP-GB3C1VT --- [  restartedMain] c.z.h.HikariDataSource                   : HikariPool-7 - Starting...
2022-08-26 22:40:00.652  INFO DESKTOP-GB3C1VT --- [  restartedMain] c.z.h.HikariDataSource                   : HikariPool-7 - Start completed.
2022-08-26 22:40:00.653  INFO DESKTOP-GB3C1VT --- [  restartedMain] o.h.d.Dialect                            : HHH000400: Using dialect: org.hibernate.dialect.MySQL5InnoDBDialect
2022-08-26 22:40:00.772  INFO DESKTOP-GB3C1VT --- [           main] e.u.v.m.Supplier                         : Info log
2022-08-26 22:40:00.787  WARN DESKTOP-GB3C1VT --- [           main] e.u.v.m.Supplier                         : Hey, This is a warning!
2022-08-26 22:40:00.788 ERROR DESKTOP-GB3C1VT --- [           main] e.u.v.m.Supplier                         : Oops! We have an Error. OK
2022-08-26 22:40:00.788 FATAL DESKTOP-GB3C1VT --- [           main] e.u.v.m.Supplier                         : Damn! Fatal error. Please fix me.1111
2022-08-26 22:40:00.878  INFO DESKTOP-GB3C1VT --- [  restartedMain] o.h.e.t.j.p.i.JtaPlatformInitiator       : HHH000490: Using JtaPlatform implementation: [org.hibernate.engine.transaction.jta.platform.internal.NoJtaPlatform]
2022-08-26 22:40:00.878  INFO DESKTOP-GB3C1VT --- [  restartedMain] j.LocalContainerEntityManagerFactoryBean : Initialized JPA EntityManagerFactory for persistence unit 'default'
2022-08-26 22:40:01.006  WARN DESKTOP-GB3C1VT --- [  restartedMain] JpaBaseConfiguration$JpaWebConfiguration : spring.jpa.open-in-view is enabled by default. Therefore, database queries may be performed during view rendering. Explicitly configure spring.jpa.open-in-view to disable this warning
2022-08-26 22:40:01.340  WARN DESKTOP-GB3C1VT --- [  restartedMain] .s.s.UserDetailsServiceAutoConfiguration : 

Using generated security password: 79c710e1-8fbf-490f-a6ec-a444c8cd21c5

This generated password is for development use only. Your security configuration must be updated before running your application in production.

2022-08-26 22:40:01.428  INFO DESKTOP-GB3C1VT --- [  restartedMain] o.s.s.w.DefaultSecurityFilterChain       : Will secure any request with [org.springframework.security.web.session.DisableEncodeUrlFilter@71326c00, org.springframework.security.web.context.request.async.WebAsyncManagerIntegrationFilter@57d49720, org.springframework.security.web.context.SecurityContextPersistenceFilter@181bd982, org.springframework.security.web.header.HeaderWriterFilter@1bcaee9, org.springframework.security.web.csrf.CsrfFilter@6544605, org.springframework.security.web.authentication.logout.LogoutFilter@46d70cbb, org.springframework.security.web.authentication.UsernamePasswordAuthenticationFilter@53b4a4c8, org.springframework.security.web.authentication.ui.DefaultLoginPageGeneratingFilter@405d3d4, org.springframework.security.web.authentication.ui.DefaultLogoutPageGeneratingFilter@2130fbf6, org.springframework.security.web.authentication.www.BasicAuthenticationFilter@4aa7027d, org.springframework.security.web.savedrequest.RequestCacheAwareFilter@230def8, org.springframework.security.web.servletapi.SecurityContextHolderAwareRequestFilter@661fe3b1, org.springframework.security.web.authentication.AnonymousAuthenticationFilter@53f6b147, org.springframework.security.web.session.SessionManagementFilter@3c5bd462, org.springframework.security.web.access.ExceptionTranslationFilter@641fd5cc, org.springframework.security.web.access.intercept.FilterSecurityInterceptor@6f293d23]
2022-08-26 22:40:01.461  INFO DESKTOP-GB3C1VT --- [  restartedMain] o.s.b.d.a.OptionalLiveReloadServer       : LiveReload server is running on port 35729
2022-08-26 22:40:01.492  INFO DESKTOP-GB3C1VT --- [  restartedMain] o.a.c.h.Http11NioProtocol                : Starting ProtocolHandler ["http-nio-8080"]
2022-08-26 22:40:01.497  INFO DESKTOP-GB3C1VT --- [  restartedMain] o.s.b.w.e.t.TomcatWebServer              : Tomcat started on port(s): 8080 (http) with context path ''
2022-08-26 22:40:01.508  INFO DESKTOP-GB3C1VT --- [  restartedMain] e.u.v.BeUdpm11V1Application              : Started BeUdpm11V1Application in 3.461 seconds (JVM running for 546.899)
2022-08-26 22:40:01.510  INFO DESKTOP-GB3C1VT --- [  restartedMain] e.u.v.BeUdpm11V1Application              : Info log
2022-08-26 22:40:01.510  WARN DESKTOP-GB3C1VT --- [  restartedMain] e.u.v.BeUdpm11V1Application              : Hey, This is a warning!
2022-08-26 22:40:01.510 ERROR DESKTOP-GB3C1VT --- [  restartedMain] e.u.v.BeUdpm11V1Application              : Oops! We have an Error. OK
2022-08-26 22:40:01.511 FATAL DESKTOP-GB3C1VT --- [  restartedMain] e.u.v.BeUdpm11V1Application              : Damn! Fatal error. Please fix me.
2022-08-26 22:40:01.512  INFO DESKTOP-GB3C1VT --- [  restartedMain] .ConditionEvaluationDeltaLoggingListener : Condition evaluation unchanged
2022-08-26 22:50:13.500  INFO DESKTOP-GB3C1VT --- [   File Watcher] rtingClassPathChangeChangedEventListener : Restarting due to 1 class path change (0 additions, 0 deletions, 1 modification)
2022-08-26 22:50:14.113  INFO DESKTOP-GB3C1VT --- [      Thread-27] o.a.c.h.Http11NioProtocol                : Pausing ProtocolHandler ["http-nio-8080"]
2022-08-26 22:50:14.121  INFO DESKTOP-GB3C1VT --- [      Thread-27] o.a.c.c.StandardService                  : Stopping service [Tomcat]
2022-08-26 22:50:14.220  INFO DESKTOP-GB3C1VT --- [      Thread-27] o.a.c.h.Http11NioProtocol                : Stopping ProtocolHandler ["http-nio-8080"]
2022-08-26 22:50:14.241  INFO DESKTOP-GB3C1VT --- [      Thread-27] o.a.c.h.Http11NioProtocol                : Destroying ProtocolHandler ["http-nio-8080"]
2022-08-26 22:50:14.329  INFO DESKTOP-GB3C1VT --- [      Thread-27] j.LocalContainerEntityManagerFactoryBean : Closing JPA EntityManagerFactory for persistence unit 'default'
2022-08-26 22:50:14.392  INFO DESKTOP-GB3C1VT --- [      Thread-27] c.z.h.HikariDataSource                   : HikariPool-7 - Shutdown initiated...
2022-08-26 22:50:14.527  INFO DESKTOP-GB3C1VT --- [      Thread-27] c.z.h.HikariDataSource                   : HikariPool-7 - Shutdown completed.
2022-08-26 22:50:16.095  INFO DESKTOP-GB3C1VT --- [           main] e.u.v.m.Supplier                         : Info log
2022-08-26 22:50:16.111  WARN DESKTOP-GB3C1VT --- [           main] e.u.v.m.Supplier                         : Hey, This is a warning!
2022-08-26 22:50:16.112 ERROR DESKTOP-GB3C1VT --- [           main] e.u.v.m.Supplier                         : Oops! We have an Error. OK
2022-08-26 22:50:16.113 FATAL DESKTOP-GB3C1VT --- [           main] e.u.v.m.Supplier                         : Damn! Fatal error. Please fix me.1111
2022-08-26 22:50:16.175  INFO DESKTOP-GB3C1VT --- [  restartedMain] e.u.v.BeUdpm11V1Application              : Starting BeUdpm11V1Application using Java 15.0.1 on DESKTOP-GB3C1VT with PID 110396 (D:\Fall2022\DuAnTotNghiep\Project\BE_UDPM_11_V1\target\classes started by ducit in D:\Fall2022\DuAnTotNghiep\Project\BE_UDPM_11_V1)
2022-08-26 22:50:16.177  INFO DESKTOP-GB3C1VT --- [  restartedMain] e.u.v.BeUdpm11V1Application              : No active profile set, falling back to 1 default profile: "default"
2022-08-26 22:50:16.630  INFO DESKTOP-GB3C1VT --- [  restartedMain] .s.d.r.c.RepositoryConfigurationDelegate : Bootstrapping Spring Data JPA repositories in DEFAULT mode.
2022-08-26 22:50:16.632  INFO DESKTOP-GB3C1VT --- [  restartedMain] .s.d.r.c.RepositoryConfigurationDelegate : Finished Spring Data repository scanning in 1 ms. Found 0 JPA repository interfaces.
2022-08-26 22:50:16.868  INFO DESKTOP-GB3C1VT --- [  restartedMain] o.s.b.w.e.t.TomcatWebServer              : Tomcat initialized with port(s): 8080 (http)
2022-08-26 22:50:16.870  INFO DESKTOP-GB3C1VT --- [  restartedMain] o.a.c.h.Http11NioProtocol                : Initializing ProtocolHandler ["http-nio-8080"]
2022-08-26 22:50:16.871  INFO DESKTOP-GB3C1VT --- [  restartedMain] o.a.c.c.StandardService                  : Starting service [Tomcat]
2022-08-26 22:50:16.871  INFO DESKTOP-GB3C1VT --- [  restartedMain] o.a.c.c.StandardEngine                   : Starting Servlet engine: [Apache Tomcat/9.0.65]
2022-08-26 22:50:16.897  INFO DESKTOP-GB3C1VT --- [  restartedMain] o.a.c.c.C.[.[.[/]                        : Initializing Spring embedded WebApplicationContext
2022-08-26 22:50:16.897  INFO DESKTOP-GB3C1VT --- [  restartedMain] w.s.c.ServletWebServerApplicationContext : Root WebApplicationContext: initialization completed in 716 ms
2022-08-26 22:50:16.933  INFO DESKTOP-GB3C1VT --- [  restartedMain] o.h.j.i.u.LogHelper                      : HHH000204: Processing PersistenceUnitInfo [name: default]
2022-08-26 22:50:16.942  INFO DESKTOP-GB3C1VT --- [  restartedMain] c.z.h.HikariDataSource                   : HikariPool-8 - Starting...
2022-08-26 22:50:17.048  INFO DESKTOP-GB3C1VT --- [  restartedMain] c.z.h.HikariDataSource                   : HikariPool-8 - Start completed.
2022-08-26 22:50:17.049  INFO DESKTOP-GB3C1VT --- [  restartedMain] o.h.d.Dialect                            : HHH000400: Using dialect: org.hibernate.dialect.MySQL5InnoDBDialect
2022-08-26 22:50:17.120  INFO DESKTOP-GB3C1VT --- [  restartedMain] o.h.e.t.j.p.i.JtaPlatformInitiator       : HHH000490: Using JtaPlatform implementation: [org.hibernate.engine.transaction.jta.platform.internal.NoJtaPlatform]
2022-08-26 22:50:17.121  INFO DESKTOP-GB3C1VT --- [  restartedMain] j.LocalContainerEntityManagerFactoryBean : Initialized JPA EntityManagerFactory for persistence unit 'default'
2022-08-26 22:50:17.133  WARN DESKTOP-GB3C1VT --- [  restartedMain] JpaBaseConfiguration$JpaWebConfiguration : spring.jpa.open-in-view is enabled by default. Therefore, database queries may be performed during view rendering. Explicitly configure spring.jpa.open-in-view to disable this warning
2022-08-26 22:50:17.241  WARN DESKTOP-GB3C1VT --- [  restartedMain] .s.s.UserDetailsServiceAutoConfiguration : 

Using generated security password: 2f146bf4-c4a7-46ba-8411-645b04d85025

This generated password is for development use only. Your security configuration must be updated before running your application in production.

2022-08-26 22:50:17.255  INFO DESKTOP-GB3C1VT --- [  restartedMain] o.s.s.w.DefaultSecurityFilterChain       : Will secure any request with [org.springframework.security.web.session.DisableEncodeUrlFilter@3af5376d, org.springframework.security.web.context.request.async.WebAsyncManagerIntegrationFilter@3b81cb94, org.springframework.security.web.context.SecurityContextPersistenceFilter@6737ce6e, org.springframework.security.web.header.HeaderWriterFilter@10ab4239, org.springframework.security.web.csrf.CsrfFilter@369ce216, org.springframework.security.web.authentication.logout.LogoutFilter@8b42960, org.springframework.security.web.authentication.UsernamePasswordAuthenticationFilter@35631586, org.springframework.security.web.authentication.ui.DefaultLoginPageGeneratingFilter@e646d06, org.springframework.security.web.authentication.ui.DefaultLogoutPageGeneratingFilter@16633647, org.springframework.security.web.authentication.www.BasicAuthenticationFilter@24d09dc0, org.springframework.security.web.savedrequest.RequestCacheAwareFilter@22afa7b2, org.springframework.security.web.servletapi.SecurityContextHolderAwareRequestFilter@685f8354, org.springframework.security.web.authentication.AnonymousAuthenticationFilter@36fd87d6, org.springframework.security.web.session.SessionManagementFilter@36ea16f7, org.springframework.security.web.access.ExceptionTranslationFilter@2c1d2802, org.springframework.security.web.access.intercept.FilterSecurityInterceptor@3c046a9]
2022-08-26 22:50:17.268  INFO DESKTOP-GB3C1VT --- [  restartedMain] o.s.b.d.a.OptionalLiveReloadServer       : LiveReload server is running on port 35729
2022-08-26 22:50:17.280  INFO DESKTOP-GB3C1VT --- [  restartedMain] o.a.c.h.Http11NioProtocol                : Starting ProtocolHandler ["http-nio-8080"]
2022-08-26 22:50:17.283  INFO DESKTOP-GB3C1VT --- [  restartedMain] o.s.b.w.e.t.TomcatWebServer              : Tomcat started on port(s): 8080 (http) with context path ''
2022-08-26 22:50:17.289  INFO DESKTOP-GB3C1VT --- [  restartedMain] e.u.v.BeUdpm11V1Application              : Started BeUdpm11V1Application in 1.492 seconds (JVM running for 1162.68)
2022-08-26 22:50:17.290  INFO DESKTOP-GB3C1VT --- [  restartedMain] e.u.v.BeUdpm11V1Application              : Info log
2022-08-26 22:50:17.290  WARN DESKTOP-GB3C1VT --- [  restartedMain] e.u.v.BeUdpm11V1Application              : Hey, This is a warning!
2022-08-26 22:50:17.290 ERROR DESKTOP-GB3C1VT --- [  restartedMain] e.u.v.BeUdpm11V1Application              : Oops! We have an Error. OK
2022-08-26 22:50:17.290 FATAL DESKTOP-GB3C1VT --- [  restartedMain] e.u.v.BeUdpm11V1Application              : Damn! Fatal error. Please fix me.
2022-08-26 22:50:17.291  INFO DESKTOP-GB3C1VT --- [  restartedMain] .ConditionEvaluationDeltaLoggingListener : Condition evaluation unchanged
2022-08-26 22:52:22.369  INFO DESKTOP-GB3C1VT --- [ionShutdownHook] j.LocalContainerEntityManagerFactoryBean : Closing JPA EntityManagerFactory for persistence unit 'default'
2022-08-26 22:52:22.419  INFO DESKTOP-GB3C1VT --- [ionShutdownHook] c.z.h.HikariDataSource                   : HikariPool-8 - Shutdown initiated...
2022-08-26 22:52:22.481  INFO DESKTOP-GB3C1VT --- [ionShutdownHook] c.z.h.HikariDataSource                   : HikariPool-8 - Shutdown completed.
2022-08-26 22:52:27.954  INFO DESKTOP-GB3C1VT --- [  restartedMain] e.u.v.BeUdpm11V1Application              : Starting BeUdpm11V1Application using Java 15.0.1 on DESKTOP-GB3C1VT with PID 109780 (D:\Fall2022\DuAnTotNghiep\Project\BE_UDPM_11_V1\target\classes started by ducit in D:\Fall2022\DuAnTotNghiep\Project\BE_UDPM_11_V1)
2022-08-26 22:52:27.968  INFO DESKTOP-GB3C1VT --- [  restartedMain] e.u.v.BeUdpm11V1Application              : No active profile set, falling back to 1 default profile: "default"
2022-08-26 22:52:28.046  INFO DESKTOP-GB3C1VT --- [  restartedMain] .e.DevToolsPropertyDefaultsPostProcessor : Devtools property defaults active! Set 'spring.devtools.add-properties' to 'false' to disable
2022-08-26 22:52:28.047  INFO DESKTOP-GB3C1VT --- [  restartedMain] .e.DevToolsPropertyDefaultsPostProcessor : For additional web related logging consider setting the 'logging.level.web' property to 'DEBUG'
2022-08-26 22:52:29.369  INFO DESKTOP-GB3C1VT --- [  restartedMain] .s.d.r.c.RepositoryConfigurationDelegate : Bootstrapping Spring Data JPA repositories in DEFAULT mode.
2022-08-26 22:52:29.410  INFO DESKTOP-GB3C1VT --- [  restartedMain] .s.d.r.c.RepositoryConfigurationDelegate : Finished Spring Data repository scanning in 13 ms. Found 0 JPA repository interfaces.
2022-08-26 22:52:30.570  INFO DESKTOP-GB3C1VT --- [  restartedMain] o.s.b.w.e.t.TomcatWebServer              : Tomcat initialized with port(s): 8080 (http)
2022-08-26 22:52:30.599  INFO DESKTOP-GB3C1VT --- [  restartedMain] o.a.c.h.Http11NioProtocol                : Initializing ProtocolHandler ["http-nio-8080"]
2022-08-26 22:52:30.599  INFO DESKTOP-GB3C1VT --- [  restartedMain] o.a.c.c.StandardService                  : Starting service [Tomcat]
2022-08-26 22:52:30.600  INFO DESKTOP-GB3C1VT --- [  restartedMain] o.a.c.c.StandardEngine                   : Starting Servlet engine: [Apache Tomcat/9.0.65]
2022-08-26 22:52:30.773  INFO DESKTOP-GB3C1VT --- [  restartedMain] o.a.c.c.C.[.[.[/]                        : Initializing Spring embedded WebApplicationContext
2022-08-26 22:52:30.773  INFO DESKTOP-GB3C1VT --- [  restartedMain] w.s.c.ServletWebServerApplicationContext : Root WebApplicationContext: initialization completed in 2722 ms
2022-08-26 22:52:31.211  INFO DESKTOP-GB3C1VT --- [  restartedMain] o.h.j.i.u.LogHelper                      : HHH000204: Processing PersistenceUnitInfo [name: default]
2022-08-26 22:52:31.360  INFO DESKTOP-GB3C1VT --- [  restartedMain] o.h.Version                              : HHH000412: Hibernate ORM core version 5.6.10.Final
2022-08-26 22:52:31.759  INFO DESKTOP-GB3C1VT --- [  restartedMain] o.h.a.c.Version                          : HCANN000001: Hibernate Commons Annotations {5.1.2.Final}
2022-08-26 22:52:31.951  INFO DESKTOP-GB3C1VT --- [  restartedMain] c.z.h.HikariDataSource                   : HikariPool-1 - Starting...
2022-08-26 22:52:32.620  INFO DESKTOP-GB3C1VT --- [  restartedMain] c.z.h.HikariDataSource                   : HikariPool-1 - Start completed.
2022-08-26 22:52:32.632  INFO DESKTOP-GB3C1VT --- [  restartedMain] o.h.d.Dialect                            : HHH000400: Using dialect: org.hibernate.dialect.MySQL5InnoDBDialect
2022-08-26 22:52:33.154  INFO DESKTOP-GB3C1VT --- [  restartedMain] o.h.e.t.j.p.i.JtaPlatformInitiator       : HHH000490: Using JtaPlatform implementation: [org.hibernate.engine.transaction.jta.platform.internal.NoJtaPlatform]
2022-08-26 22:52:33.164  INFO DESKTOP-GB3C1VT --- [  restartedMain] j.LocalContainerEntityManagerFactoryBean : Initialized JPA EntityManagerFactory for persistence unit 'default'
2022-08-26 22:52:33.211  WARN DESKTOP-GB3C1VT --- [  restartedMain] JpaBaseConfiguration$JpaWebConfiguration : spring.jpa.open-in-view is enabled by default. Therefore, database queries may be performed during view rendering. Explicitly configure spring.jpa.open-in-view to disable this warning
2022-08-26 22:52:33.577  WARN DESKTOP-GB3C1VT --- [  restartedMain] .s.s.UserDetailsServiceAutoConfiguration : 

Using generated security password: 1e6aaa17-6800-489a-bbe3-123570ca96c0

This generated password is for development use only. Your security configuration must be updated before running your application in production.

2022-08-26 22:52:33.716  INFO DESKTOP-GB3C1VT --- [  restartedMain] o.s.s.w.DefaultSecurityFilterChain       : Will secure any request with [org.springframework.security.web.session.DisableEncodeUrlFilter@70dbfd47, org.springframework.security.web.context.request.async.WebAsyncManagerIntegrationFilter@18424de6, org.springframework.security.web.context.SecurityContextPersistenceFilter@60d08c1a, org.springframework.security.web.header.HeaderWriterFilter@277fe159, org.springframework.security.web.csrf.CsrfFilter@1f1bbaaa, org.springframework.security.web.authentication.logout.LogoutFilter@478aa9e2, org.springframework.security.web.authentication.UsernamePasswordAuthenticationFilter@1a2d0041, org.springframework.security.web.authentication.ui.DefaultLoginPageGeneratingFilter@188cad7f, org.springframework.security.web.authentication.ui.DefaultLogoutPageGeneratingFilter@ac67eb, org.springframework.security.web.authentication.www.BasicAuthenticationFilter@6194228e, org.springframework.security.web.savedrequest.RequestCacheAwareFilter@2a0a513e, org.springframework.security.web.servletapi.SecurityContextHolderAwareRequestFilter@ce016b, org.springframework.security.web.authentication.AnonymousAuthenticationFilter@5eaa5593, org.springframework.security.web.session.SessionManagementFilter@69f761f2, org.springframework.security.web.access.ExceptionTranslationFilter@1d8cf6d6, org.springframework.security.web.access.intercept.FilterSecurityInterceptor@68e2156d]
2022-08-26 22:52:33.766  INFO DESKTOP-GB3C1VT --- [  restartedMain] o.s.b.d.a.OptionalLiveReloadServer       : LiveReload server is running on port 35729
2022-08-26 22:52:33.792  INFO DESKTOP-GB3C1VT --- [  restartedMain] o.a.c.h.Http11NioProtocol                : Starting ProtocolHandler ["http-nio-8080"]
2022-08-26 22:52:33.832  INFO DESKTOP-GB3C1VT --- [  restartedMain] o.s.b.w.e.t.TomcatWebServer              : Tomcat started on port(s): 8080 (http) with context path ''
2022-08-26 22:52:33.851  INFO DESKTOP-GB3C1VT --- [  restartedMain] e.u.v.BeUdpm11V1Application              : Started BeUdpm11V1Application in 6.481 seconds (JVM running for 9.447)
2022-08-26 22:52:33.854  INFO DESKTOP-GB3C1VT --- [  restartedMain] e.u.v.BeUdpm11V1Application              : Info log
2022-08-26 22:52:33.854  WARN DESKTOP-GB3C1VT --- [  restartedMain] e.u.v.BeUdpm11V1Application              : Hey, This is a warning!
2022-08-26 22:52:33.854 ERROR DESKTOP-GB3C1VT --- [  restartedMain] e.u.v.BeUdpm11V1Application              : Oops! We have an Error. OK
2022-08-26 22:52:33.855 FATAL DESKTOP-GB3C1VT --- [  restartedMain] e.u.v.BeUdpm11V1Application              : Damn! Fatal error. Please fix me.
2022-08-26 22:55:28.370  INFO DESKTOP-GB3C1VT --- [ionShutdownHook] j.LocalContainerEntityManagerFactoryBean : Closing JPA EntityManagerFactory for persistence unit 'default'
2022-08-26 22:55:28.477  INFO DESKTOP-GB3C1VT --- [ionShutdownHook] c.z.h.HikariDataSource                   : HikariPool-1 - Shutdown initiated...
2022-08-26 22:55:28.623  INFO DESKTOP-GB3C1VT --- [ionShutdownHook] c.z.h.HikariDataSource                   : HikariPool-1 - Shutdown completed.
2022-08-26 22:55:36.130  INFO DESKTOP-GB3C1VT --- [  restartedMain] e.u.v.BeUdpm11V1Application              : Starting BeUdpm11V1Application using Java 15.0.1 on DESKTOP-GB3C1VT with PID 116040 (D:\Fall2022\DuAnTotNghiep\Project\BE_UDPM_11_V1\target\classes started by ducit in D:\Fall2022\DuAnTotNghiep\Project\BE_UDPM_11_V1)
2022-08-26 22:55:36.144  INFO DESKTOP-GB3C1VT --- [  restartedMain] e.u.v.BeUdpm11V1Application              : No active profile set, falling back to 1 default profile: "default"
2022-08-26 22:55:36.221  INFO DESKTOP-GB3C1VT --- [  restartedMain] .e.DevToolsPropertyDefaultsPostProcessor : Devtools property defaults active! Set 'spring.devtools.add-properties' to 'false' to disable
2022-08-26 22:55:36.222  INFO DESKTOP-GB3C1VT --- [  restartedMain] .e.DevToolsPropertyDefaultsPostProcessor : For additional web related logging consider setting the 'logging.level.web' property to 'DEBUG'
2022-08-26 22:55:37.137  INFO DESKTOP-GB3C1VT --- [  restartedMain] .s.d.r.c.RepositoryConfigurationDelegate : Bootstrapping Spring Data JPA repositories in DEFAULT mode.
2022-08-26 22:55:37.154  INFO DESKTOP-GB3C1VT --- [  restartedMain] .s.d.r.c.RepositoryConfigurationDelegate : Finished Spring Data repository scanning in 8 ms. Found 0 JPA repository interfaces.
2022-08-26 22:55:37.975  INFO DESKTOP-GB3C1VT --- [  restartedMain] o.s.b.w.e.t.TomcatWebServer              : Tomcat initialized with port(s): 8080 (http)
2022-08-26 22:55:38.008  INFO DESKTOP-GB3C1VT --- [  restartedMain] o.a.c.h.Http11NioProtocol                : Initializing ProtocolHandler ["http-nio-8080"]
2022-08-26 22:55:38.010  INFO DESKTOP-GB3C1VT --- [  restartedMain] o.a.c.c.StandardService                  : Starting service [Tomcat]
2022-08-26 22:55:38.013  INFO DESKTOP-GB3C1VT --- [  restartedMain] o.a.c.c.StandardEngine                   : Starting Servlet engine: [Apache Tomcat/9.0.65]
2022-08-26 22:55:38.223  INFO DESKTOP-GB3C1VT --- [  restartedMain] o.a.c.c.C.[.[.[/]                        : Initializing Spring embedded WebApplicationContext
2022-08-26 22:55:38.223  INFO DESKTOP-GB3C1VT --- [  restartedMain] w.s.c.ServletWebServerApplicationContext : Root WebApplicationContext: initialization completed in 2000 ms
2022-08-26 22:55:38.392  INFO DESKTOP-GB3C1VT --- [  restartedMain] o.h.j.i.u.LogHelper                      : HHH000204: Processing PersistenceUnitInfo [name: default]
2022-08-26 22:55:38.462  INFO DESKTOP-GB3C1VT --- [  restartedMain] o.h.Version                              : HHH000412: Hibernate ORM core version 5.6.10.Final
2022-08-26 22:55:38.744  INFO DESKTOP-GB3C1VT --- [  restartedMain] o.h.a.c.Version                          : HCANN000001: Hibernate Commons Annotations {5.1.2.Final}
2022-08-26 22:55:38.868  INFO DESKTOP-GB3C1VT --- [  restartedMain] c.z.h.HikariDataSource                   : HikariPool-1 - Starting...
2022-08-26 22:55:39.608  INFO DESKTOP-GB3C1VT --- [  restartedMain] c.z.h.HikariDataSource                   : HikariPool-1 - Start completed.
2022-08-26 22:55:39.639  INFO DESKTOP-GB3C1VT --- [  restartedMain] o.h.d.Dialect                            : HHH000400: Using dialect: org.hibernate.dialect.MySQL5InnoDBDialect
2022-08-26 22:55:40.423  INFO DESKTOP-GB3C1VT --- [  restartedMain] o.h.e.t.j.p.i.JtaPlatformInitiator       : HHH000490: Using JtaPlatform implementation: [org.hibernate.engine.transaction.jta.platform.internal.NoJtaPlatform]
2022-08-26 22:55:40.439  INFO DESKTOP-GB3C1VT --- [  restartedMain] j.LocalContainerEntityManagerFactoryBean : Initialized JPA EntityManagerFactory for persistence unit 'default'
2022-08-26 22:55:40.497  WARN DESKTOP-GB3C1VT --- [  restartedMain] JpaBaseConfiguration$JpaWebConfiguration : spring.jpa.open-in-view is enabled by default. Therefore, database queries may be performed during view rendering. Explicitly configure spring.jpa.open-in-view to disable this warning
2022-08-26 22:55:40.944  WARN DESKTOP-GB3C1VT --- [  restartedMain] .s.s.UserDetailsServiceAutoConfiguration : 

Using generated security password: 4da7a642-4fe1-4a49-926d-d24e85afdccb

This generated password is for development use only. Your security configuration must be updated before running your application in production.

2022-08-26 22:55:41.067  INFO DESKTOP-GB3C1VT --- [  restartedMain] o.s.s.w.DefaultSecurityFilterChain       : Will secure any request with [org.springframework.security.web.session.DisableEncodeUrlFilter@3ae4d932, org.springframework.security.web.context.request.async.WebAsyncManagerIntegrationFilter@71d72e1e, org.springframework.security.web.context.SecurityContextPersistenceFilter@9cad278, org.springframework.security.web.header.HeaderWriterFilter@3ccdabe, org.springframework.security.web.csrf.CsrfFilter@23274c0c, org.springframework.security.web.authentication.logout.LogoutFilter@29736caa, org.springframework.security.web.authentication.UsernamePasswordAuthenticationFilter@1f14acb4, org.springframework.security.web.authentication.ui.DefaultLoginPageGeneratingFilter@5b44d71b, org.springframework.security.web.authentication.ui.DefaultLogoutPageGeneratingFilter@64d227b5, org.springframework.security.web.authentication.www.BasicAuthenticationFilter@60107f43, org.springframework.security.web.savedrequest.RequestCacheAwareFilter@34d5bc5d, org.springframework.security.web.servletapi.SecurityContextHolderAwareRequestFilter@5d01cf4f, org.springframework.security.web.authentication.AnonymousAuthenticationFilter@5ecc9780, org.springframework.security.web.session.SessionManagementFilter@4792e36c, org.springframework.security.web.access.ExceptionTranslationFilter@1c0040e0, org.springframework.security.web.access.intercept.FilterSecurityInterceptor@34a97d58]
2022-08-26 22:55:41.106  INFO DESKTOP-GB3C1VT --- [  restartedMain] o.s.b.d.a.OptionalLiveReloadServer       : LiveReload server is running on port 35729
2022-08-26 22:55:41.131  INFO DESKTOP-GB3C1VT --- [  restartedMain] o.a.c.h.Http11NioProtocol                : Starting ProtocolHandler ["http-nio-8080"]
2022-08-26 22:55:41.188  INFO DESKTOP-GB3C1VT --- [  restartedMain] o.s.b.w.e.t.TomcatWebServer              : Tomcat started on port(s): 8080 (http) with context path ''
2022-08-26 22:55:41.206  INFO DESKTOP-GB3C1VT --- [  restartedMain] e.u.v.BeUdpm11V1Application              : Started BeUdpm11V1Application in 5.809 seconds (JVM running for 8.762)
2022-08-26 22:55:41.209  INFO DESKTOP-GB3C1VT --- [  restartedMain] e.u.v.BeUdpm11V1Application              : Info log
2022-08-26 22:55:41.210  WARN DESKTOP-GB3C1VT --- [  restartedMain] e.u.v.BeUdpm11V1Application              : Hey, This is a warning!
2022-08-26 22:55:41.210 ERROR DESKTOP-GB3C1VT --- [  restartedMain] e.u.v.BeUdpm11V1Application              : Oops! We have an Error. OK
2022-08-26 22:55:41.210 FATAL DESKTOP-GB3C1VT --- [  restartedMain] e.u.v.BeUdpm11V1Application              : Damn! Fatal error. Please fix me.
2022-08-26 22:56:33.019  INFO DESKTOP-GB3C1VT --- [ionShutdownHook] j.LocalContainerEntityManagerFactoryBean : Closing JPA EntityManagerFactory for persistence unit 'default'
2022-08-26 22:56:33.023  INFO DESKTOP-GB3C1VT --- [ionShutdownHook] c.z.h.HikariDataSource                   : HikariPool-1 - Shutdown initiated...
2022-08-26 22:56:33.039  INFO DESKTOP-GB3C1VT --- [ionShutdownHook] c.z.h.HikariDataSource                   : HikariPool-1 - Shutdown completed.
2022-08-26 22:56:40.921  INFO DESKTOP-GB3C1VT --- [  restartedMain] e.u.v.BeUdpm11V1Application              : Starting BeUdpm11V1Application using Java 15.0.1 on DESKTOP-GB3C1VT with PID 114832 (D:\Fall2022\DuAnTotNghiep\Project\BE_UDPM_11_V1\target\classes started by ducit in D:\Fall2022\DuAnTotNghiep\Project\BE_UDPM_11_V1)
2022-08-26 22:56:40.943  INFO DESKTOP-GB3C1VT --- [  restartedMain] e.u.v.BeUdpm11V1Application              : No active profile set, falling back to 1 default profile: "default"
2022-08-26 22:56:41.021  INFO DESKTOP-GB3C1VT --- [  restartedMain] .e.DevToolsPropertyDefaultsPostProcessor : Devtools property defaults active! Set 'spring.devtools.add-properties' to 'false' to disable
2022-08-26 22:56:41.022  INFO DESKTOP-GB3C1VT --- [  restartedMain] .e.DevToolsPropertyDefaultsPostProcessor : For additional web related logging consider setting the 'logging.level.web' property to 'DEBUG'
2022-08-26 22:56:42.030  INFO DESKTOP-GB3C1VT --- [  restartedMain] .s.d.r.c.RepositoryConfigurationDelegate : Bootstrapping Spring Data JPA repositories in DEFAULT mode.
2022-08-26 22:56:42.054  INFO DESKTOP-GB3C1VT --- [  restartedMain] .s.d.r.c.RepositoryConfigurationDelegate : Finished Spring Data repository scanning in 12 ms. Found 0 JPA repository interfaces.
2022-08-26 22:56:42.808  INFO DESKTOP-GB3C1VT --- [  restartedMain] o.s.b.w.e.t.TomcatWebServer              : Tomcat initialized with port(s): 8080 (http)
2022-08-26 22:56:42.826  INFO DESKTOP-GB3C1VT --- [  restartedMain] o.a.c.h.Http11NioProtocol                : Initializing ProtocolHandler ["http-nio-8080"]
2022-08-26 22:56:42.827  INFO DESKTOP-GB3C1VT --- [  restartedMain] o.a.c.c.StandardService                  : Starting service [Tomcat]
2022-08-26 22:56:42.827  INFO DESKTOP-GB3C1VT --- [  restartedMain] o.a.c.c.StandardEngine                   : Starting Servlet engine: [Apache Tomcat/9.0.65]
2022-08-26 22:56:42.956  INFO DESKTOP-GB3C1VT --- [  restartedMain] o.a.c.c.C.[.[.[/]                        : Initializing Spring embedded WebApplicationContext
2022-08-26 22:56:42.957  INFO DESKTOP-GB3C1VT --- [  restartedMain] w.s.c.ServletWebServerApplicationContext : Root WebApplicationContext: initialization completed in 1932 ms
2022-08-26 22:56:43.152  INFO DESKTOP-GB3C1VT --- [  restartedMain] o.h.j.i.u.LogHelper                      : HHH000204: Processing PersistenceUnitInfo [name: default]
2022-08-26 22:56:43.219  INFO DESKTOP-GB3C1VT --- [  restartedMain] o.h.Version                              : HHH000412: Hibernate ORM core version 5.6.10.Final
2022-08-26 22:56:43.389  INFO DESKTOP-GB3C1VT --- [  restartedMain] o.h.a.c.Version                          : HCANN000001: Hibernate Commons Annotations {5.1.2.Final}
2022-08-26 22:56:43.488  INFO DESKTOP-GB3C1VT --- [  restartedMain] c.z.h.HikariDataSource                   : HikariPool-1 - Starting...
2022-08-26 22:56:43.987  INFO DESKTOP-GB3C1VT --- [  restartedMain] c.z.h.HikariDataSource                   : HikariPool-1 - Start completed.
2022-08-26 22:56:44.000  INFO DESKTOP-GB3C1VT --- [  restartedMain] o.h.d.Dialect                            : HHH000400: Using dialect: org.hibernate.dialect.MySQL5InnoDBDialect
2022-08-26 22:56:44.585  INFO DESKTOP-GB3C1VT --- [  restartedMain] o.h.e.t.j.p.i.JtaPlatformInitiator       : HHH000490: Using JtaPlatform implementation: [org.hibernate.engine.transaction.jta.platform.internal.NoJtaPlatform]
2022-08-26 22:56:44.596  INFO DESKTOP-GB3C1VT --- [  restartedMain] j.LocalContainerEntityManagerFactoryBean : Initialized JPA EntityManagerFactory for persistence unit 'default'
2022-08-26 22:56:44.652  WARN DESKTOP-GB3C1VT --- [  restartedMain] JpaBaseConfiguration$JpaWebConfiguration : spring.jpa.open-in-view is enabled by default. Therefore, database queries may be performed during view rendering. Explicitly configure spring.jpa.open-in-view to disable this warning
2022-08-26 22:56:45.040  WARN DESKTOP-GB3C1VT --- [  restartedMain] .s.s.UserDetailsServiceAutoConfiguration : 

Using generated security password: d709e159-2d39-4c3a-bc2a-a489a51cf610

This generated password is for development use only. Your security configuration must be updated before running your application in production.

2022-08-26 22:56:45.159  INFO DESKTOP-GB3C1VT --- [  restartedMain] o.s.s.w.DefaultSecurityFilterChain       : Will secure any request with [org.springframework.security.web.session.DisableEncodeUrlFilter@862b9a5, org.springframework.security.web.context.request.async.WebAsyncManagerIntegrationFilter@72336da1, org.springframework.security.web.context.SecurityContextPersistenceFilter@2bd5f2dc, org.springframework.security.web.header.HeaderWriterFilter@5ca4d4aa, org.springframework.security.web.csrf.CsrfFilter@16752f0, org.springframework.security.web.authentication.logout.LogoutFilter@3a5ef666, org.springframework.security.web.authentication.UsernamePasswordAuthenticationFilter@6756a6ce, org.springframework.security.web.authentication.ui.DefaultLoginPageGeneratingFilter@5779f73, org.springframework.security.web.authentication.ui.DefaultLogoutPageGeneratingFilter@944edfd, org.springframework.security.web.authentication.www.BasicAuthenticationFilter@4994e3c2, org.springframework.security.web.savedrequest.RequestCacheAwareFilter@439d3c84, org.springframework.security.web.servletapi.SecurityContextHolderAwareRequestFilter@45657fe3, org.springframework.security.web.authentication.AnonymousAuthenticationFilter@3f4a2c37, org.springframework.security.web.session.SessionManagementFilter@60350b19, org.springframework.security.web.access.ExceptionTranslationFilter@52870df9, org.springframework.security.web.access.intercept.FilterSecurityInterceptor@324342ba]
2022-08-26 22:56:45.206  INFO DESKTOP-GB3C1VT --- [  restartedMain] o.s.b.d.a.OptionalLiveReloadServer       : LiveReload server is running on port 35729
2022-08-26 22:56:45.227  INFO DESKTOP-GB3C1VT --- [  restartedMain] o.a.c.h.Http11NioProtocol                : Starting ProtocolHandler ["http-nio-8080"]
2022-08-26 22:56:45.261  INFO DESKTOP-GB3C1VT --- [  restartedMain] o.s.b.w.e.t.TomcatWebServer              : Tomcat started on port(s): 8080 (http) with context path ''
2022-08-26 22:56:45.273  INFO DESKTOP-GB3C1VT --- [  restartedMain] e.u.v.BeUdpm11V1Application              : Started BeUdpm11V1Application in 5.014 seconds (JVM running for 8.27)
2022-08-26 22:56:45.275  INFO DESKTOP-GB3C1VT --- [  restartedMain] e.u.v.BeUdpm11V1Application              : Info log
2022-08-26 22:56:45.275  WARN DESKTOP-GB3C1VT --- [  restartedMain] e.u.v.BeUdpm11V1Application              : Hey, This is a warning!
2022-08-26 22:56:45.275 ERROR DESKTOP-GB3C1VT --- [  restartedMain] e.u.v.BeUdpm11V1Application              : Oops! We have an Error. OK
2022-08-26 22:56:45.275 FATAL DESKTOP-GB3C1VT --- [  restartedMain] e.u.v.BeUdpm11V1Application              : Damn! Fatal error. Please fix me.
2022-08-26 22:59:14.802  INFO DESKTOP-GB3C1VT --- [ionShutdownHook] j.LocalContainerEntityManagerFactoryBean : Closing JPA EntityManagerFactory for persistence unit 'default'
2022-08-26 22:59:14.873  INFO DESKTOP-GB3C1VT --- [ionShutdownHook] c.z.h.HikariDataSource                   : HikariPool-1 - Shutdown initiated...
2022-08-26 22:59:15.139  INFO DESKTOP-GB3C1VT --- [ionShutdownHook] c.z.h.HikariDataSource                   : HikariPool-1 - Shutdown completed.
