2022-08-26 22:30:56.837  INFO DESKTOP-GB3C1VT --- [  restartedMain] e.u.v.BeUdpm11V1Application              : Starting BeUdpm11V1Application using Java 15.0.1 on DESKTOP-GB3C1VT with PID 110396 (D:\Fall2022\DuAnTotNghiep\Project\BE_UDPM_11_V1\target\classes started by ducit in D:\Fall2022\DuAnTotNghiep\Project\BE_UDPM_11_V1)
2022-08-26 22:30:56.844  INFO DESKTOP-GB3C1VT --- [  restartedMain] e.u.v.BeUdpm11V1Application              : No active profile set, falling back to 1 default profile: "default"
2022-08-26 22:30:56.883  INFO DESKTOP-GB3C1VT --- [  restartedMain] .e.DevToolsPropertyDefaultsPostProcessor : Devtools property defaults active! Set 'spring.devtools.add-properties' to 'false' to disable
2022-08-26 22:30:56.883  INFO DESKTOP-GB3C1VT --- [  restartedMain] .e.DevToolsPropertyDefaultsPostProcessor : For additional web related logging consider setting the 'logging.level.web' property to 'DEBUG'
2022-08-26 22:30:57.551  INFO DESKTOP-GB3C1VT --- [  restartedMain] .s.d.r.c.RepositoryConfigurationDelegate : Bootstrapping Spring Data JPA repositories in DEFAULT mode.
2022-08-26 22:30:57.565  INFO DESKTOP-GB3C1VT --- [  restartedMain] .s.d.r.c.RepositoryConfigurationDelegate : Finished Spring Data repository scanning in 5 ms. Found 0 JPA repository interfaces.
2022-08-26 22:30:58.089  INFO DESKTOP-GB3C1VT --- [  restartedMain] o.s.b.w.e.t.TomcatWebServer              : Tomcat initialized with port(s): 8080 (http)
2022-08-26 22:30:58.104  INFO DESKTOP-GB3C1VT --- [  restartedMain] o.a.c.h.Http11NioProtocol                : Initializing ProtocolHandler ["http-nio-8080"]
2022-08-26 22:30:58.105  INFO DESKTOP-GB3C1VT --- [  restartedMain] o.a.c.c.StandardService                  : Starting service [Tomcat]
2022-08-26 22:30:58.106  INFO DESKTOP-GB3C1VT --- [  restartedMain] o.a.c.c.StandardEngine                   : Starting Servlet engine: [Apache Tomcat/9.0.65]
2022-08-26 22:30:58.185  INFO DESKTOP-GB3C1VT --- [  restartedMain] o.a.c.c.C.[.[.[/]                        : Initializing Spring embedded WebApplicationContext
2022-08-26 22:30:58.185  INFO DESKTOP-GB3C1VT --- [  restartedMain] w.s.c.ServletWebServerApplicationContext : Root WebApplicationContext: initialization completed in 1301 ms
2022-08-26 22:30:58.301  INFO DESKTOP-GB3C1VT --- [  restartedMain] o.h.j.i.u.LogHelper                      : HHH000204: Processing PersistenceUnitInfo [name: default]
2022-08-26 22:30:58.352  INFO DESKTOP-GB3C1VT --- [  restartedMain] o.h.Version                              : HHH000412: Hibernate ORM core version 5.6.10.Final
2022-08-26 22:30:58.473  INFO DESKTOP-GB3C1VT --- [  restartedMain] o.h.a.c.Version                          : HCANN000001: Hibernate Commons Annotations {5.1.2.Final}
2022-08-26 22:30:58.551  INFO DESKTOP-GB3C1VT --- [  restartedMain] c.z.h.HikariDataSource                   : HikariPool-1 - Starting...
2022-08-26 22:30:58.867  INFO DESKTOP-GB3C1VT --- [  restartedMain] c.z.h.HikariDataSource                   : HikariPool-1 - Start completed.
2022-08-26 22:30:58.878  INFO DESKTOP-GB3C1VT --- [  restartedMain] o.h.d.Dialect                            : HHH000400: Using dialect: org.hibernate.dialect.MySQL5InnoDBDialect
2022-08-26 22:30:58.996  INFO DESKTOP-GB3C1VT --- [  restartedMain] o.h.e.t.j.p.i.JtaPlatformInitiator       : HHH000490: Using JtaPlatform implementation: [org.hibernate.engine.transaction.jta.platform.internal.NoJtaPlatform]
2022-08-26 22:30:59.005  INFO DESKTOP-GB3C1VT --- [  restartedMain] j.LocalContainerEntityManagerFactoryBean : Initialized JPA EntityManagerFactory for persistence unit 'default'
2022-08-26 22:30:59.045  WARN DESKTOP-GB3C1VT --- [  restartedMain] JpaBaseConfiguration$JpaWebConfiguration : spring.jpa.open-in-view is enabled by default. Therefore, database queries may be performed during view rendering. Explicitly configure spring.jpa.open-in-view to disable this warning
2022-08-26 22:30:59.354  WARN DESKTOP-GB3C1VT --- [  restartedMain] .s.s.UserDetailsServiceAutoConfiguration : 

Using generated security password: af50edd3-88cb-4fc0-8fd4-925802001ae4

This generated password is for development use only. Your security configuration must be updated before running your application in production.

2022-08-26 22:30:59.434  INFO DESKTOP-GB3C1VT --- [  restartedMain] o.s.s.w.DefaultSecurityFilterChain       : Will secure any request with [org.springframework.security.web.session.DisableEncodeUrlFilter@42bbc81e, org.springframework.security.web.context.request.async.WebAsyncManagerIntegrationFilter@2c21a7f6, org.springframework.security.web.context.SecurityContextPersistenceFilter@27d43d4c, org.springframework.security.web.header.HeaderWriterFilter@310a2157, org.springframework.security.web.csrf.CsrfFilter@31f76712, org.springframework.security.web.authentication.logout.LogoutFilter@2ddc51ac, org.springframework.security.web.authentication.UsernamePasswordAuthenticationFilter@77c4a79e, org.springframework.security.web.authentication.ui.DefaultLoginPageGeneratingFilter@6f8056a7, org.springframework.security.web.authentication.ui.DefaultLogoutPageGeneratingFilter@486d55f3, org.springframework.security.web.authentication.www.BasicAuthenticationFilter@efdcc10, org.springframework.security.web.savedrequest.RequestCacheAwareFilter@68b8a9fe, org.springframework.security.web.servletapi.SecurityContextHolderAwareRequestFilter@178fa10a, org.springframework.security.web.authentication.AnonymousAuthenticationFilter@222d56f6, org.springframework.security.web.session.SessionManagementFilter@234ef3b7, org.springframework.security.web.access.ExceptionTranslationFilter@684f0ef0, org.springframework.security.web.access.intercept.FilterSecurityInterceptor@3c9fcd33]
2022-08-26 22:30:59.463  INFO DESKTOP-GB3C1VT --- [  restartedMain] o.s.b.d.a.OptionalLiveReloadServer       : LiveReload server is running on port 35729
2022-08-26 22:30:59.479  INFO DESKTOP-GB3C1VT --- [  restartedMain] o.a.c.h.Http11NioProtocol                : Starting ProtocolHandler ["http-nio-8080"]
2022-08-26 22:30:59.506  INFO DESKTOP-GB3C1VT --- [  restartedMain] o.s.b.w.e.t.TomcatWebServer              : Tomcat started on port(s): 8080 (http) with context path ''
2022-08-26 22:30:59.515  INFO DESKTOP-GB3C1VT --- [  restartedMain] e.u.v.BeUdpm11V1Application              : Started BeUdpm11V1Application in 3.012 seconds (JVM running for 4.905)
2022-08-26 22:30:59.516  INFO DESKTOP-GB3C1VT --- [  restartedMain] e.u.v.BeUdpm11V1Application              : Info log
2022-08-26 22:30:59.516  WARN DESKTOP-GB3C1VT --- [  restartedMain] e.u.v.BeUdpm11V1Application              : Hey, This is a warning!
2022-08-26 22:30:59.516 ERROR DESKTOP-GB3C1VT --- [  restartedMain] e.u.v.BeUdpm11V1Application              : Oops! We have an Error. OK
2022-08-26 22:30:59.517 FATAL DESKTOP-GB3C1VT --- [  restartedMain] e.u.v.BeUdpm11V1Application              : Damn! Fatal error. Please fix me.
2022-08-26 22:32:08.007  INFO DESKTOP-GB3C1VT --- [   File Watcher] rtingClassPathChangeChangedEventListener : Restarting due to 6 class path changes (6 additions, 0 deletions, 0 modifications)
2022-08-26 22:32:08.059  INFO DESKTOP-GB3C1VT --- [       Thread-5] o.a.c.h.Http11NioProtocol                : Pausing ProtocolHandler ["http-nio-8080"]
2022-08-26 22:32:08.060  INFO DESKTOP-GB3C1VT --- [       Thread-5] o.a.c.c.StandardService                  : Stopping service [Tomcat]
2022-08-26 22:32:08.073  INFO DESKTOP-GB3C1VT --- [       Thread-5] o.a.c.h.Http11NioProtocol                : Stopping ProtocolHandler ["http-nio-8080"]
2022-08-26 22:32:08.082  INFO DESKTOP-GB3C1VT --- [       Thread-5] o.a.c.h.Http11NioProtocol                : Destroying ProtocolHandler ["http-nio-8080"]
2022-08-26 22:32:08.095  INFO DESKTOP-GB3C1VT --- [       Thread-5] j.LocalContainerEntityManagerFactoryBean : Closing JPA EntityManagerFactory for persistence unit 'default'
2022-08-26 22:32:08.108  INFO DESKTOP-GB3C1VT --- [       Thread-5] c.z.h.HikariDataSource                   : HikariPool-1 - Shutdown initiated...
2022-08-26 22:32:08.126  INFO DESKTOP-GB3C1VT --- [       Thread-5] c.z.h.HikariDataSource                   : HikariPool-1 - Shutdown completed.
2022-08-26 22:32:08.324  INFO DESKTOP-GB3C1VT --- [  restartedMain] e.u.v.BeUdpm11V1Application              : Starting BeUdpm11V1Application using Java 15.0.1 on DESKTOP-GB3C1VT with PID 110396 (D:\Fall2022\DuAnTotNghiep\Project\BE_UDPM_11_V1\target\classes started by ducit in D:\Fall2022\DuAnTotNghiep\Project\BE_UDPM_11_V1)
2022-08-26 22:32:08.325  INFO DESKTOP-GB3C1VT --- [  restartedMain] e.u.v.BeUdpm11V1Application              : No active profile set, falling back to 1 default profile: "default"
2022-08-26 22:32:08.733  INFO DESKTOP-GB3C1VT --- [  restartedMain] .s.d.r.c.RepositoryConfigurationDelegate : Bootstrapping Spring Data JPA repositories in DEFAULT mode.
2022-08-26 22:32:08.737  INFO DESKTOP-GB3C1VT --- [  restartedMain] .s.d.r.c.RepositoryConfigurationDelegate : Finished Spring Data repository scanning in 2 ms. Found 0 JPA repository interfaces.
2022-08-26 22:32:09.092  INFO DESKTOP-GB3C1VT --- [  restartedMain] o.s.b.w.e.t.TomcatWebServer              : Tomcat initialized with port(s): 8080 (http)
2022-08-26 22:32:09.093  INFO DESKTOP-GB3C1VT --- [  restartedMain] o.a.c.h.Http11NioProtocol                : Initializing ProtocolHandler ["http-nio-8080"]
2022-08-26 22:32:09.094  INFO DESKTOP-GB3C1VT --- [  restartedMain] o.a.c.c.StandardService                  : Starting service [Tomcat]
2022-08-26 22:32:09.095  INFO DESKTOP-GB3C1VT --- [  restartedMain] o.a.c.c.StandardEngine                   : Starting Servlet engine: [Apache Tomcat/9.0.65]
2022-08-26 22:32:09.115  INFO DESKTOP-GB3C1VT --- [           main] e.u.v.m.Supplier                         : Info log
2022-08-26 22:32:09.122  WARN DESKTOP-GB3C1VT --- [           main] e.u.v.m.Supplier                         : Hey, This is a warning!
2022-08-26 22:32:09.122 ERROR DESKTOP-GB3C1VT --- [           main] e.u.v.m.Supplier                         : Oops! We have an Error. OK
2022-08-26 22:32:09.123 FATAL DESKTOP-GB3C1VT --- [           main] e.u.v.m.Supplier                         : Damn! Fatal error. Please fix me.
2022-08-26 22:32:09.135  INFO DESKTOP-GB3C1VT --- [  restartedMain] o.a.c.c.C.[.[.[/]                        : Initializing Spring embedded WebApplicationContext
2022-08-26 22:32:09.135  INFO DESKTOP-GB3C1VT --- [  restartedMain] w.s.c.ServletWebServerApplicationContext : Root WebApplicationContext: initialization completed in 806 ms
2022-08-26 22:32:09.170  INFO DESKTOP-GB3C1VT --- [  restartedMain] o.h.j.i.u.LogHelper                      : HHH000204: Processing PersistenceUnitInfo [name: default]
2022-08-26 22:32:09.183  INFO DESKTOP-GB3C1VT --- [  restartedMain] c.z.h.HikariDataSource                   : HikariPool-2 - Starting...
2022-08-26 22:32:09.249  INFO DESKTOP-GB3C1VT --- [  restartedMain] c.z.h.HikariDataSource                   : HikariPool-2 - Start completed.
2022-08-26 22:32:09.250  INFO DESKTOP-GB3C1VT --- [  restartedMain] o.h.d.Dialect                            : HHH000400: Using dialect: org.hibernate.dialect.MySQL5InnoDBDialect
2022-08-26 22:32:09.684  INFO DESKTOP-GB3C1VT --- [  restartedMain] o.h.e.t.j.p.i.JtaPlatformInitiator       : HHH000490: Using JtaPlatform implementation: [org.hibernate.engine.transaction.jta.platform.internal.NoJtaPlatform]
2022-08-26 22:32:09.685  INFO DESKTOP-GB3C1VT --- [  restartedMain] j.LocalContainerEntityManagerFactoryBean : Initialized JPA EntityManagerFactory for persistence unit 'default'
2022-08-26 22:32:09.704  WARN DESKTOP-GB3C1VT --- [  restartedMain] JpaBaseConfiguration$JpaWebConfiguration : spring.jpa.open-in-view is enabled by default. Therefore, database queries may be performed during view rendering. Explicitly configure spring.jpa.open-in-view to disable this warning
2022-08-26 22:32:09.817  WARN DESKTOP-GB3C1VT --- [  restartedMain] .s.s.UserDetailsServiceAutoConfiguration : 

Using generated security password: 9c13423e-10ca-4869-9dd0-592614ef4e71

This generated password is for development use only. Your security configuration must be updated before running your application in production.

2022-08-26 22:32:09.836  INFO DESKTOP-GB3C1VT --- [  restartedMain] o.s.s.w.DefaultSecurityFilterChain       : Will secure any request with [org.springframework.security.web.session.DisableEncodeUrlFilter@2cc92dd4, org.springframework.security.web.context.request.async.WebAsyncManagerIntegrationFilter@1c47dd87, org.springframework.security.web.context.SecurityContextPersistenceFilter@756778ec, org.springframework.security.web.header.HeaderWriterFilter@6171d55e, org.springframework.security.web.csrf.CsrfFilter@2daea6f5, org.springframework.security.web.authentication.logout.LogoutFilter@772baeb3, org.springframework.security.web.authentication.UsernamePasswordAuthenticationFilter@3f38be59, org.springframework.security.web.authentication.ui.DefaultLoginPageGeneratingFilter@15d464d6, org.springframework.security.web.authentication.ui.DefaultLogoutPageGeneratingFilter@66776220, org.springframework.security.web.authentication.www.BasicAuthenticationFilter@1556c7ae, org.springframework.security.web.savedrequest.RequestCacheAwareFilter@6089868a, org.springframework.security.web.servletapi.SecurityContextHolderAwareRequestFilter@fbd74e0, org.springframework.security.web.authentication.AnonymousAuthenticationFilter@453fa2f7, org.springframework.security.web.session.SessionManagementFilter@2d26eab3, org.springframework.security.web.access.ExceptionTranslationFilter@1de11351, org.springframework.security.web.access.intercept.FilterSecurityInterceptor@2a65311]
2022-08-26 22:32:09.857  INFO DESKTOP-GB3C1VT --- [  restartedMain] o.s.b.d.a.OptionalLiveReloadServer       : LiveReload server is running on port 35729
2022-08-26 22:32:09.875  INFO DESKTOP-GB3C1VT --- [  restartedMain] o.a.c.h.Http11NioProtocol                : Starting ProtocolHandler ["http-nio-8080"]
2022-08-26 22:32:09.897  INFO DESKTOP-GB3C1VT --- [  restartedMain] o.s.b.w.e.t.TomcatWebServer              : Tomcat started on port(s): 8080 (http) with context path ''
2022-08-26 22:32:09.905  INFO DESKTOP-GB3C1VT --- [  restartedMain] e.u.v.BeUdpm11V1Application              : Started BeUdpm11V1Application in 1.657 seconds (JVM running for 75.295)
2022-08-26 22:32:09.907  INFO DESKTOP-GB3C1VT --- [  restartedMain] e.u.v.BeUdpm11V1Application              : Info log
2022-08-26 22:32:09.907  WARN DESKTOP-GB3C1VT --- [  restartedMain] e.u.v.BeUdpm11V1Application              : Hey, This is a warning!
2022-08-26 22:32:09.907 ERROR DESKTOP-GB3C1VT --- [  restartedMain] e.u.v.BeUdpm11V1Application              : Oops! We have an Error. OK
2022-08-26 22:32:09.907 FATAL DESKTOP-GB3C1VT --- [  restartedMain] e.u.v.BeUdpm11V1Application              : Damn! Fatal error. Please fix me.
2022-08-26 22:32:09.910  INFO DESKTOP-GB3C1VT --- [  restartedMain] .ConditionEvaluationDeltaLoggingListener : Condition evaluation unchanged
2022-08-26 22:32:57.966  INFO DESKTOP-GB3C1VT --- [   File Watcher] rtingClassPathChangeChangedEventListener : Restarting due to 8 class path changes (0 additions, 7 deletions, 1 modification)
2022-08-26 22:32:58.045  INFO DESKTOP-GB3C1VT --- [       Thread-7] o.a.c.h.Http11NioProtocol                : Pausing ProtocolHandler ["http-nio-8080"]
2022-08-26 22:32:58.046  INFO DESKTOP-GB3C1VT --- [       Thread-7] o.a.c.c.StandardService                  : Stopping service [Tomcat]
2022-08-26 22:32:58.095  INFO DESKTOP-GB3C1VT --- [       Thread-7] o.a.c.h.Http11NioProtocol                : Stopping ProtocolHandler ["http-nio-8080"]
2022-08-26 22:32:58.106  INFO DESKTOP-GB3C1VT --- [       Thread-7] o.a.c.h.Http11NioProtocol                : Destroying ProtocolHandler ["http-nio-8080"]
2022-08-26 22:32:58.124  INFO DESKTOP-GB3C1VT --- [       Thread-7] j.LocalContainerEntityManagerFactoryBean : Closing JPA EntityManagerFactory for persistence unit 'default'
2022-08-26 22:32:58.144  INFO DESKTOP-GB3C1VT --- [       Thread-7] c.z.h.HikariDataSource                   : HikariPool-2 - Shutdown initiated...
2022-08-26 22:32:58.177  INFO DESKTOP-GB3C1VT --- [       Thread-7] c.z.h.HikariDataSource                   : HikariPool-2 - Shutdown completed.
2022-08-26 22:32:58.777  INFO DESKTOP-GB3C1VT --- [  restartedMain] e.u.v.BeUdpm11V1Application              : Starting BeUdpm11V1Application using Java 15.0.1 on DESKTOP-GB3C1VT with PID 110396 (D:\Fall2022\DuAnTotNghiep\Project\BE_UDPM_11_V1\target\classes started by ducit in D:\Fall2022\DuAnTotNghiep\Project\BE_UDPM_11_V1)
2022-08-26 22:32:58.779  INFO DESKTOP-GB3C1VT --- [  restartedMain] e.u.v.BeUdpm11V1Application              : No active profile set, falling back to 1 default profile: "default"
2022-08-26 22:32:59.156  INFO DESKTOP-GB3C1VT --- [  restartedMain] .s.d.r.c.RepositoryConfigurationDelegate : Bootstrapping Spring Data JPA repositories in DEFAULT mode.
2022-08-26 22:32:59.159  INFO DESKTOP-GB3C1VT --- [  restartedMain] .s.d.r.c.RepositoryConfigurationDelegate : Finished Spring Data repository scanning in 0 ms. Found 0 JPA repository interfaces.
2022-08-26 22:32:59.492  INFO DESKTOP-GB3C1VT --- [  restartedMain] o.s.b.w.e.t.TomcatWebServer              : Tomcat initialized with port(s): 8080 (http)
2022-08-26 22:32:59.493  INFO DESKTOP-GB3C1VT --- [  restartedMain] o.a.c.h.Http11NioProtocol                : Initializing ProtocolHandler ["http-nio-8080"]
2022-08-26 22:32:59.494  INFO DESKTOP-GB3C1VT --- [  restartedMain] o.a.c.c.StandardService                  : Starting service [Tomcat]
2022-08-26 22:32:59.494  INFO DESKTOP-GB3C1VT --- [  restartedMain] o.a.c.c.StandardEngine                   : Starting Servlet engine: [Apache Tomcat/9.0.65]
2022-08-26 22:32:59.518  INFO DESKTOP-GB3C1VT --- [  restartedMain] o.a.c.c.C.[.[.[/]                        : Initializing Spring embedded WebApplicationContext
2022-08-26 22:32:59.518  INFO DESKTOP-GB3C1VT --- [  restartedMain] w.s.c.ServletWebServerApplicationContext : Root WebApplicationContext: initialization completed in 729 ms
2022-08-26 22:32:59.571  INFO DESKTOP-GB3C1VT --- [  restartedMain] o.h.j.i.u.LogHelper                      : HHH000204: Processing PersistenceUnitInfo [name: default]
2022-08-26 22:32:59.576  INFO DESKTOP-GB3C1VT --- [  restartedMain] c.z.h.HikariDataSource                   : HikariPool-3 - Starting...
2022-08-26 22:32:59.612  INFO DESKTOP-GB3C1VT --- [  restartedMain] c.z.h.HikariDataSource                   : HikariPool-3 - Start completed.
2022-08-26 22:32:59.613  INFO DESKTOP-GB3C1VT --- [  restartedMain] o.h.d.Dialect                            : HHH000400: Using dialect: org.hibernate.dialect.MySQL5InnoDBDialect
2022-08-26 22:32:59.622  INFO DESKTOP-GB3C1VT --- [  restartedMain] o.h.e.t.j.p.i.JtaPlatformInitiator       : HHH000490: Using JtaPlatform implementation: [org.hibernate.engine.transaction.jta.platform.internal.NoJtaPlatform]
2022-08-26 22:32:59.623  INFO DESKTOP-GB3C1VT --- [  restartedMain] j.LocalContainerEntityManagerFactoryBean : Initialized JPA EntityManagerFactory for persistence unit 'default'
2022-08-26 22:32:59.646  WARN DESKTOP-GB3C1VT --- [  restartedMain] JpaBaseConfiguration$JpaWebConfiguration : spring.jpa.open-in-view is enabled by default. Therefore, database queries may be performed during view rendering. Explicitly configure spring.jpa.open-in-view to disable this warning
2022-08-26 22:32:59.768  WARN DESKTOP-GB3C1VT --- [  restartedMain] .s.s.UserDetailsServiceAutoConfiguration : 

Using generated security password: eae7d238-b7ab-48df-9e3d-771ce51308a5

This generated password is for development use only. Your security configuration must be updated before running your application in production.

2022-08-26 22:32:59.810  INFO DESKTOP-GB3C1VT --- [  restartedMain] o.s.s.w.DefaultSecurityFilterChain       : Will secure any request with [org.springframework.security.web.session.DisableEncodeUrlFilter@42e01869, org.springframework.security.web.context.request.async.WebAsyncManagerIntegrationFilter@5aa92e24, org.springframework.security.web.context.SecurityContextPersistenceFilter@a4bcf03, org.springframework.security.web.header.HeaderWriterFilter@4611d834, org.springframework.security.web.csrf.CsrfFilter@2cd1c54a, org.springframework.security.web.authentication.logout.LogoutFilter@6f030535, org.springframework.security.web.authentication.UsernamePasswordAuthenticationFilter@1c166165, org.springframework.security.web.authentication.ui.DefaultLoginPageGeneratingFilter@d18893b, org.springframework.security.web.authentication.ui.DefaultLogoutPageGeneratingFilter@751b615d, org.springframework.security.web.authentication.www.BasicAuthenticationFilter@416c5013, org.springframework.security.web.savedrequest.RequestCacheAwareFilter@7809c87e, org.springframework.security.web.servletapi.SecurityContextHolderAwareRequestFilter@30117f33, org.springframework.security.web.authentication.AnonymousAuthenticationFilter@56d44b25, org.springframework.security.web.session.SessionManagementFilter@2892b4ce, org.springframework.security.web.access.ExceptionTranslationFilter@7780b612, org.springframework.security.web.access.intercept.FilterSecurityInterceptor@482a0f6e]
2022-08-26 22:32:59.833  INFO DESKTOP-GB3C1VT --- [  restartedMain] o.s.b.d.a.OptionalLiveReloadServer       : LiveReload server is running on port 35729
2022-08-26 22:32:59.853  INFO DESKTOP-GB3C1VT --- [  restartedMain] o.a.c.h.Http11NioProtocol                : Starting ProtocolHandler ["http-nio-8080"]
2022-08-26 22:32:59.864  INFO DESKTOP-GB3C1VT --- [  restartedMain] o.s.b.w.e.t.TomcatWebServer              : Tomcat started on port(s): 8080 (http) with context path ''
2022-08-26 22:32:59.871  INFO DESKTOP-GB3C1VT --- [  restartedMain] e.u.v.BeUdpm11V1Application              : Started BeUdpm11V1Application in 1.253 seconds (JVM running for 125.261)
2022-08-26 22:32:59.872  INFO DESKTOP-GB3C1VT --- [  restartedMain] e.u.v.BeUdpm11V1Application              : Info log
2022-08-26 22:32:59.872  WARN DESKTOP-GB3C1VT --- [  restartedMain] e.u.v.BeUdpm11V1Application              : Hey, This is a warning!
2022-08-26 22:32:59.872 ERROR DESKTOP-GB3C1VT --- [  restartedMain] e.u.v.BeUdpm11V1Application              : Oops! We have an Error. OK
2022-08-26 22:32:59.872 FATAL DESKTOP-GB3C1VT --- [  restartedMain] e.u.v.BeUdpm11V1Application              : Damn! Fatal error. Please fix me.
2022-08-26 22:32:59.874  INFO DESKTOP-GB3C1VT --- [  restartedMain] .ConditionEvaluationDeltaLoggingListener : Condition evaluation unchanged
2022-08-26 22:33:02.407  INFO DESKTOP-GB3C1VT --- [   File Watcher] rtingClassPathChangeChangedEventListener : Restarting due to 7 class path changes (7 additions, 0 deletions, 0 modifications)
2022-08-26 22:33:02.459  INFO DESKTOP-GB3C1VT --- [      Thread-11] o.a.c.h.Http11NioProtocol                : Pausing ProtocolHandler ["http-nio-8080"]
2022-08-26 22:33:02.460  INFO DESKTOP-GB3C1VT --- [      Thread-11] o.a.c.c.StandardService                  : Stopping service [Tomcat]
2022-08-26 22:33:02.464  INFO DESKTOP-GB3C1VT --- [      Thread-11] o.a.c.h.Http11NioProtocol                : Stopping ProtocolHandler ["http-nio-8080"]
2022-08-26 22:33:02.467  INFO DESKTOP-GB3C1VT --- [      Thread-11] o.a.c.h.Http11NioProtocol                : Destroying ProtocolHandler ["http-nio-8080"]
2022-08-26 22:33:02.473  INFO DESKTOP-GB3C1VT --- [      Thread-11] j.LocalContainerEntityManagerFactoryBean : Closing JPA EntityManagerFactory for persistence unit 'default'
2022-08-26 22:33:02.474  INFO DESKTOP-GB3C1VT --- [      Thread-11] c.z.h.HikariDataSource                   : HikariPool-3 - Shutdown initiated...
2022-08-26 22:33:02.487  INFO DESKTOP-GB3C1VT --- [      Thread-11] c.z.h.HikariDataSource                   : HikariPool-3 - Shutdown completed.
2022-08-26 22:33:02.663  INFO DESKTOP-GB3C1VT --- [  restartedMain] e.u.v.BeUdpm11V1Application              : Starting BeUdpm11V1Application using Java 15.0.1 on DESKTOP-GB3C1VT with PID 110396 (D:\Fall2022\DuAnTotNghiep\Project\BE_UDPM_11_V1\target\classes started by ducit in D:\Fall2022\DuAnTotNghiep\Project\BE_UDPM_11_V1)
2022-08-26 22:33:02.665  INFO DESKTOP-GB3C1VT --- [  restartedMain] e.u.v.BeUdpm11V1Application              : No active profile set, falling back to 1 default profile: "default"
2022-08-26 22:33:02.928  INFO DESKTOP-GB3C1VT --- [  restartedMain] .s.d.r.c.RepositoryConfigurationDelegate : Bootstrapping Spring Data JPA repositories in DEFAULT mode.
2022-08-26 22:33:02.932  INFO DESKTOP-GB3C1VT --- [  restartedMain] .s.d.r.c.RepositoryConfigurationDelegate : Finished Spring Data repository scanning in 3 ms. Found 0 JPA repository interfaces.
2022-08-26 22:33:03.067  INFO DESKTOP-GB3C1VT --- [  restartedMain] o.s.b.w.e.t.TomcatWebServer              : Tomcat initialized with port(s): 8080 (http)
2022-08-26 22:33:03.068  INFO DESKTOP-GB3C1VT --- [  restartedMain] o.a.c.h.Http11NioProtocol                : Initializing ProtocolHandler ["http-nio-8080"]
2022-08-26 22:33:03.068  INFO DESKTOP-GB3C1VT --- [  restartedMain] o.a.c.c.StandardService                  : Starting service [Tomcat]
2022-08-26 22:33:03.069  INFO DESKTOP-GB3C1VT --- [  restartedMain] o.a.c.c.StandardEngine                   : Starting Servlet engine: [Apache Tomcat/9.0.65]
2022-08-26 22:33:03.101  INFO DESKTOP-GB3C1VT --- [  restartedMain] o.a.c.c.C.[.[.[/]                        : Initializing Spring embedded WebApplicationContext
2022-08-26 22:33:03.101  INFO DESKTOP-GB3C1VT --- [  restartedMain] w.s.c.ServletWebServerApplicationContext : Root WebApplicationContext: initialization completed in 433 ms
2022-08-26 22:33:03.171  INFO DESKTOP-GB3C1VT --- [  restartedMain] o.h.j.i.u.LogHelper                      : HHH000204: Processing PersistenceUnitInfo [name: default]
2022-08-26 22:33:03.180  INFO DESKTOP-GB3C1VT --- [  restartedMain] c.z.h.HikariDataSource                   : HikariPool-4 - Starting...
2022-08-26 22:33:03.220  INFO DESKTOP-GB3C1VT --- [  restartedMain] c.z.h.HikariDataSource                   : HikariPool-4 - Start completed.
2022-08-26 22:33:03.220  INFO DESKTOP-GB3C1VT --- [  restartedMain] o.h.d.Dialect                            : HHH000400: Using dialect: org.hibernate.dialect.MySQL5InnoDBDialect
2022-08-26 22:33:03.386  INFO DESKTOP-GB3C1VT --- [  restartedMain] o.h.e.t.j.p.i.JtaPlatformInitiator       : HHH000490: Using JtaPlatform implementation: [org.hibernate.engine.transaction.jta.platform.internal.NoJtaPlatform]
2022-08-26 22:33:03.387  INFO DESKTOP-GB3C1VT --- [  restartedMain] j.LocalContainerEntityManagerFactoryBean : Initialized JPA EntityManagerFactory for persistence unit 'default'
2022-08-26 22:33:03.423  WARN DESKTOP-GB3C1VT --- [  restartedMain] JpaBaseConfiguration$JpaWebConfiguration : spring.jpa.open-in-view is enabled by default. Therefore, database queries may be performed during view rendering. Explicitly configure spring.jpa.open-in-view to disable this warning
2022-08-26 22:33:03.600  WARN DESKTOP-GB3C1VT --- [  restartedMain] .s.s.UserDetailsServiceAutoConfiguration : 

Using generated security password: ace121c2-8136-4a3c-b294-b9cb0d8a4ed9

This generated password is for development use only. Your security configuration must be updated before running your application in production.

2022-08-26 22:33:03.635  INFO DESKTOP-GB3C1VT --- [  restartedMain] o.s.s.w.DefaultSecurityFilterChain       : Will secure any request with [org.springframework.security.web.session.DisableEncodeUrlFilter@56d026e3, org.springframework.security.web.context.request.async.WebAsyncManagerIntegrationFilter@2daa462a, org.springframework.security.web.context.SecurityContextPersistenceFilter@74227820, org.springframework.security.web.header.HeaderWriterFilter@4b3661c1, org.springframework.security.web.csrf.CsrfFilter@2188e909, org.springframework.security.web.authentication.logout.LogoutFilter@5c6f1e7e, org.springframework.security.web.authentication.UsernamePasswordAuthenticationFilter@1b9a8c2b, org.springframework.security.web.authentication.ui.DefaultLoginPageGeneratingFilter@5006fa39, org.springframework.security.web.authentication.ui.DefaultLogoutPageGeneratingFilter@621e7c60, org.springframework.security.web.authentication.www.BasicAuthenticationFilter@4aef7472, org.springframework.security.web.savedrequest.RequestCacheAwareFilter@1a2e351a, org.springframework.security.web.servletapi.SecurityContextHolderAwareRequestFilter@62ee77f7, org.springframework.security.web.authentication.AnonymousAuthenticationFilter@5363c8b5, org.springframework.security.web.session.SessionManagementFilter@12041bc8, org.springframework.security.web.access.ExceptionTranslationFilter@1c2e498f, org.springframework.security.web.access.intercept.FilterSecurityInterceptor@2ada3b68]
2022-08-26 22:33:03.669  INFO DESKTOP-GB3C1VT --- [  restartedMain] o.s.b.d.a.OptionalLiveReloadServer       : LiveReload server is running on port 35729
2022-08-26 22:33:03.685  INFO DESKTOP-GB3C1VT --- [  restartedMain] o.a.c.h.Http11NioProtocol                : Starting ProtocolHandler ["http-nio-8080"]
2022-08-26 22:33:03.690  INFO DESKTOP-GB3C1VT --- [  restartedMain] o.s.b.w.e.t.TomcatWebServer              : Tomcat started on port(s): 8080 (http) with context path ''
2022-08-26 22:33:03.697  INFO DESKTOP-GB3C1VT --- [  restartedMain] e.u.v.BeUdpm11V1Application              : Started BeUdpm11V1Application in 1.123 seconds (JVM running for 129.088)
2022-08-26 22:33:03.699  INFO DESKTOP-GB3C1VT --- [  restartedMain] e.u.v.BeUdpm11V1Application              : Info log
2022-08-26 22:33:03.700  WARN DESKTOP-GB3C1VT --- [  restartedMain] e.u.v.BeUdpm11V1Application              : Hey, This is a warning!
2022-08-26 22:33:03.700 ERROR DESKTOP-GB3C1VT --- [  restartedMain] e.u.v.BeUdpm11V1Application              : Oops! We have an Error. OK
2022-08-26 22:33:03.701 FATAL DESKTOP-GB3C1VT --- [  restartedMain] e.u.v.BeUdpm11V1Application              : Damn! Fatal error. Please fix me.
2022-08-26 22:33:03.703  INFO DESKTOP-GB3C1VT --- [  restartedMain] .ConditionEvaluationDeltaLoggingListener : Condition evaluation unchanged
2022-08-26 22:35:21.560  INFO DESKTOP-GB3C1VT --- [   File Watcher] rtingClassPathChangeChangedEventListener : Restarting due to 8 class path changes (0 additions, 7 deletions, 1 modification)
2022-08-26 22:35:21.724  INFO DESKTOP-GB3C1VT --- [      Thread-15] o.a.c.h.Http11NioProtocol                : Pausing ProtocolHandler ["http-nio-8080"]
2022-08-26 22:35:21.725  INFO DESKTOP-GB3C1VT --- [      Thread-15] o.a.c.c.StandardService                  : Stopping service [Tomcat]
2022-08-26 22:35:21.757  INFO DESKTOP-GB3C1VT --- [      Thread-15] o.a.c.h.Http11NioProtocol                : Stopping ProtocolHandler ["http-nio-8080"]
2022-08-26 22:35:21.766  INFO DESKTOP-GB3C1VT --- [      Thread-15] o.a.c.h.Http11NioProtocol                : Destroying ProtocolHandler ["http-nio-8080"]
2022-08-26 22:35:21.788  INFO DESKTOP-GB3C1VT --- [      Thread-15] j.LocalContainerEntityManagerFactoryBean : Closing JPA EntityManagerFactory for persistence unit 'default'
2022-08-26 22:35:21.817  INFO DESKTOP-GB3C1VT --- [      Thread-15] c.z.h.HikariDataSource                   : HikariPool-4 - Shutdown initiated...
2022-08-26 22:35:21.912  INFO DESKTOP-GB3C1VT --- [      Thread-15] c.z.h.HikariDataSource                   : HikariPool-4 - Shutdown completed.
2022-08-26 22:35:22.731  INFO DESKTOP-GB3C1VT --- [  restartedMain] e.u.v.BeUdpm11V1Application              : Starting BeUdpm11V1Application using Java 15.0.1 on DESKTOP-GB3C1VT with PID 110396 (D:\Fall2022\DuAnTotNghiep\Project\BE_UDPM_11_V1\target\classes started by ducit in D:\Fall2022\DuAnTotNghiep\Project\BE_UDPM_11_V1)
2022-08-26 22:35:22.733  INFO DESKTOP-GB3C1VT --- [  restartedMain] e.u.v.BeUdpm11V1Application              : No active profile set, falling back to 1 default profile: "default"
2022-08-26 22:35:23.172  INFO DESKTOP-GB3C1VT --- [  restartedMain] .s.d.r.c.RepositoryConfigurationDelegate : Bootstrapping Spring Data JPA repositories in DEFAULT mode.
2022-08-26 22:35:23.173  INFO DESKTOP-GB3C1VT --- [  restartedMain] .s.d.r.c.RepositoryConfigurationDelegate : Finished Spring Data repository scanning in 0 ms. Found 0 JPA repository interfaces.
2022-08-26 22:35:23.456  INFO DESKTOP-GB3C1VT --- [  restartedMain] o.s.b.w.e.t.TomcatWebServer              : Tomcat initialized with port(s): 8080 (http)
2022-08-26 22:35:23.458  INFO DESKTOP-GB3C1VT --- [  restartedMain] o.a.c.h.Http11NioProtocol                : Initializing ProtocolHandler ["http-nio-8080"]
2022-08-26 22:35:23.459  INFO DESKTOP-GB3C1VT --- [  restartedMain] o.a.c.c.StandardService                  : Starting service [Tomcat]
2022-08-26 22:35:23.459  INFO DESKTOP-GB3C1VT --- [  restartedMain] o.a.c.c.StandardEngine                   : Starting Servlet engine: [Apache Tomcat/9.0.65]
2022-08-26 22:35:23.498  INFO DESKTOP-GB3C1VT --- [  restartedMain] o.a.c.c.C.[.[.[/]                        : Initializing Spring embedded WebApplicationContext
2022-08-26 22:35:23.498  INFO DESKTOP-GB3C1VT --- [  restartedMain] w.s.c.ServletWebServerApplicationContext : Root WebApplicationContext: initialization completed in 760 ms
2022-08-26 22:35:23.602  INFO DESKTOP-GB3C1VT --- [  restartedMain] o.h.j.i.u.LogHelper                      : HHH000204: Processing PersistenceUnitInfo [name: default]
2022-08-26 22:35:23.630  INFO DESKTOP-GB3C1VT --- [  restartedMain] c.z.h.HikariDataSource                   : HikariPool-5 - Starting...
2022-08-26 22:35:23.828  INFO DESKTOP-GB3C1VT --- [  restartedMain] c.z.h.HikariDataSource                   : HikariPool-5 - Start completed.
2022-08-26 22:35:23.829  INFO DESKTOP-GB3C1VT --- [  restartedMain] o.h.d.Dialect                            : HHH000400: Using dialect: org.hibernate.dialect.MySQL5InnoDBDialect
2022-08-26 22:35:23.838  INFO DESKTOP-GB3C1VT --- [  restartedMain] o.h.e.t.j.p.i.JtaPlatformInitiator       : HHH000490: Using JtaPlatform implementation: [org.hibernate.engine.transaction.jta.platform.internal.NoJtaPlatform]
2022-08-26 22:35:23.839  INFO DESKTOP-GB3C1VT --- [  restartedMain] j.LocalContainerEntityManagerFactoryBean : Initialized JPA EntityManagerFactory for persistence unit 'default'
2022-08-26 22:35:23.863  WARN DESKTOP-GB3C1VT --- [  restartedMain] JpaBaseConfiguration$JpaWebConfiguration : spring.jpa.open-in-view is enabled by default. Therefore, database queries may be performed during view rendering. Explicitly configure spring.jpa.open-in-view to disable this warning
2022-08-26 22:35:24.032  WARN DESKTOP-GB3C1VT --- [  restartedMain] .s.s.UserDetailsServiceAutoConfiguration : 

Using generated security password: deab3eb6-b9d8-4a36-a64c-2acd408bb104

This generated password is for development use only. Your security configuration must be updated before running your application in production.

2022-08-26 22:35:24.085  INFO DESKTOP-GB3C1VT --- [  restartedMain] o.s.s.w.DefaultSecurityFilterChain       : Will secure any request with [org.springframework.security.web.session.DisableEncodeUrlFilter@7a37b79c, org.springframework.security.web.context.request.async.WebAsyncManagerIntegrationFilter@2161f0a7, org.springframework.security.web.context.SecurityContextPersistenceFilter@4b3e511e, org.springframework.security.web.header.HeaderWriterFilter@21ccaa62, org.springframework.security.web.csrf.CsrfFilter@1febbc33, org.springframework.security.web.authentication.logout.LogoutFilter@64412680, org.springframework.security.web.authentication.UsernamePasswordAuthenticationFilter@6c69741b, org.springframework.security.web.authentication.ui.DefaultLoginPageGeneratingFilter@53d298fb, org.springframework.security.web.authentication.ui.DefaultLogoutPageGeneratingFilter@68f813c, org.springframework.security.web.authentication.www.BasicAuthenticationFilter@efd0082, org.springframework.security.web.savedrequest.RequestCacheAwareFilter@2db464c9, org.springframework.security.web.servletapi.SecurityContextHolderAwareRequestFilter@69ef54a7, org.springframework.security.web.authentication.AnonymousAuthenticationFilter@6090787f, org.springframework.security.web.session.SessionManagementFilter@9767e27, org.springframework.security.web.access.ExceptionTranslationFilter@3ceb50e0, org.springframework.security.web.access.intercept.FilterSecurityInterceptor@5ba005b8]
2022-08-26 22:35:24.145  INFO DESKTOP-GB3C1VT --- [  restartedMain] o.s.b.d.a.OptionalLiveReloadServer       : LiveReload server is running on port 35729
2022-08-26 22:35:24.207  INFO DESKTOP-GB3C1VT --- [  restartedMain] o.a.c.h.Http11NioProtocol                : Starting ProtocolHandler ["http-nio-8080"]
2022-08-26 22:35:24.211  INFO DESKTOP-GB3C1VT --- [  restartedMain] o.s.b.w.e.t.TomcatWebServer              : Tomcat started on port(s): 8080 (http) with context path ''
2022-08-26 22:35:24.218  INFO DESKTOP-GB3C1VT --- [  restartedMain] e.u.v.BeUdpm11V1Application              : Started BeUdpm11V1Application in 1.672 seconds (JVM running for 269.609)
2022-08-26 22:35:24.220  INFO DESKTOP-GB3C1VT --- [  restartedMain] e.u.v.BeUdpm11V1Application              : Info log
2022-08-26 22:35:24.220  WARN DESKTOP-GB3C1VT --- [  restartedMain] e.u.v.BeUdpm11V1Application              : Hey, This is a warning!
2022-08-26 22:35:24.220 ERROR DESKTOP-GB3C1VT --- [  restartedMain] e.u.v.BeUdpm11V1Application              : Oops! We have an Error. OK
2022-08-26 22:35:24.221 FATAL DESKTOP-GB3C1VT --- [  restartedMain] e.u.v.BeUdpm11V1Application              : Damn! Fatal error. Please fix me.
2022-08-26 22:35:24.222  INFO DESKTOP-GB3C1VT --- [  restartedMain] .ConditionEvaluationDeltaLoggingListener : Condition evaluation unchanged
2022-08-26 22:35:27.246  INFO DESKTOP-GB3C1VT --- [   File Watcher] rtingClassPathChangeChangedEventListener : Restarting due to 7 class path changes (7 additions, 0 deletions, 0 modifications)
2022-08-26 22:35:27.273  INFO DESKTOP-GB3C1VT --- [      Thread-19] o.a.c.h.Http11NioProtocol                : Pausing ProtocolHandler ["http-nio-8080"]
2022-08-26 22:35:27.274  INFO DESKTOP-GB3C1VT --- [      Thread-19] o.a.c.c.StandardService                  : Stopping service [Tomcat]
2022-08-26 22:35:27.277  INFO DESKTOP-GB3C1VT --- [      Thread-19] o.a.c.h.Http11NioProtocol                : Stopping ProtocolHandler ["http-nio-8080"]
2022-08-26 22:35:27.279  INFO DESKTOP-GB3C1VT --- [      Thread-19] o.a.c.h.Http11NioProtocol                : Destroying ProtocolHandler ["http-nio-8080"]
2022-08-26 22:35:27.281  INFO DESKTOP-GB3C1VT --- [      Thread-19] j.LocalContainerEntityManagerFactoryBean : Closing JPA EntityManagerFactory for persistence unit 'default'
2022-08-26 22:35:27.281  INFO DESKTOP-GB3C1VT --- [      Thread-19] c.z.h.HikariDataSource                   : HikariPool-5 - Shutdown initiated...
2022-08-26 22:35:27.291  INFO DESKTOP-GB3C1VT --- [      Thread-19] c.z.h.HikariDataSource                   : HikariPool-5 - Shutdown completed.
2022-08-26 22:35:27.418  INFO DESKTOP-GB3C1VT --- [  restartedMain] e.u.v.BeUdpm11V1Application              : Starting BeUdpm11V1Application using Java 15.0.1 on DESKTOP-GB3C1VT with PID 110396 (D:\Fall2022\DuAnTotNghiep\Project\BE_UDPM_11_V1\target\classes started by ducit in D:\Fall2022\DuAnTotNghiep\Project\BE_UDPM_11_V1)
2022-08-26 22:35:27.419  INFO DESKTOP-GB3C1VT --- [  restartedMain] e.u.v.BeUdpm11V1Application              : No active profile set, falling back to 1 default profile: "default"
2022-08-26 22:35:27.611  INFO DESKTOP-GB3C1VT --- [  restartedMain] .s.d.r.c.RepositoryConfigurationDelegate : Bootstrapping Spring Data JPA repositories in DEFAULT mode.
2022-08-26 22:35:27.614  INFO DESKTOP-GB3C1VT --- [  restartedMain] .s.d.r.c.RepositoryConfigurationDelegate : Finished Spring Data repository scanning in 1 ms. Found 0 JPA repository interfaces.
2022-08-26 22:35:27.781  INFO DESKTOP-GB3C1VT --- [  restartedMain] o.s.b.w.e.t.TomcatWebServer              : Tomcat initialized with port(s): 8080 (http)
2022-08-26 22:35:27.781  INFO DESKTOP-GB3C1VT --- [  restartedMain] o.a.c.h.Http11NioProtocol                : Initializing ProtocolHandler ["http-nio-8080"]
2022-08-26 22:35:27.783  INFO DESKTOP-GB3C1VT --- [  restartedMain] o.a.c.c.StandardService                  : Starting service [Tomcat]
2022-08-26 22:35:27.783  INFO DESKTOP-GB3C1VT --- [  restartedMain] o.a.c.c.StandardEngine                   : Starting Servlet engine: [Apache Tomcat/9.0.65]
2022-08-26 22:35:27.815  INFO DESKTOP-GB3C1VT --- [  restartedMain] o.a.c.c.C.[.[.[/]                        : Initializing Spring embedded WebApplicationContext
2022-08-26 22:35:27.816  INFO DESKTOP-GB3C1VT --- [  restartedMain] w.s.c.ServletWebServerApplicationContext : Root WebApplicationContext: initialization completed in 390 ms
2022-08-26 22:35:27.867  INFO DESKTOP-GB3C1VT --- [  restartedMain] o.h.j.i.u.LogHelper                      : HHH000204: Processing PersistenceUnitInfo [name: default]
2022-08-26 22:35:27.872  INFO DESKTOP-GB3C1VT --- [  restartedMain] c.z.h.HikariDataSource                   : HikariPool-6 - Starting...
2022-08-26 22:35:27.897  INFO DESKTOP-GB3C1VT --- [  restartedMain] c.z.h.HikariDataSource                   : HikariPool-6 - Start completed.
2022-08-26 22:35:27.898  INFO DESKTOP-GB3C1VT --- [  restartedMain] o.h.d.Dialect                            : HHH000400: Using dialect: org.hibernate.dialect.MySQL5InnoDBDialect
2022-08-26 22:35:27.994  INFO DESKTOP-GB3C1VT --- [  restartedMain] o.h.e.t.j.p.i.JtaPlatformInitiator       : HHH000490: Using JtaPlatform implementation: [org.hibernate.engine.transaction.jta.platform.internal.NoJtaPlatform]
2022-08-26 22:35:27.995  INFO DESKTOP-GB3C1VT --- [  restartedMain] j.LocalContainerEntityManagerFactoryBean : Initialized JPA EntityManagerFactory for persistence unit 'default'
2022-08-26 22:35:28.026  WARN DESKTOP-GB3C1VT --- [  restartedMain] JpaBaseConfiguration$JpaWebConfiguration : spring.jpa.open-in-view is enabled by default. Therefore, database queries may be performed during view rendering. Explicitly configure spring.jpa.open-in-view to disable this warning
2022-08-26 22:35:28.236  WARN DESKTOP-GB3C1VT --- [  restartedMain] .s.s.UserDetailsServiceAutoConfiguration : 

Using generated security password: b28905f6-8fe7-4089-8404-ec59dea5a71f

This generated password is for development use only. Your security configuration must be updated before running your application in production.

2022-08-26 22:35:28.264  INFO DESKTOP-GB3C1VT --- [  restartedMain] o.s.s.w.DefaultSecurityFilterChain       : Will secure any request with [org.springframework.security.web.session.DisableEncodeUrlFilter@616c5ec3, org.springframework.security.web.context.request.async.WebAsyncManagerIntegrationFilter@69bc37c6, org.springframework.security.web.context.SecurityContextPersistenceFilter@6f490b84, org.springframework.security.web.header.HeaderWriterFilter@4d6ce5f9, org.springframework.security.web.csrf.CsrfFilter@3439c318, org.springframework.security.web.authentication.logout.LogoutFilter@5dee75e4, org.springframework.security.web.authentication.UsernamePasswordAuthenticationFilter@5e29d5a6, org.springframework.security.web.authentication.ui.DefaultLoginPageGeneratingFilter@560c692f, org.springframework.security.web.authentication.ui.DefaultLogoutPageGeneratingFilter@79a85bb2, org.springframework.security.web.authentication.www.BasicAuthenticationFilter@3f0640f9, org.springframework.security.web.savedrequest.RequestCacheAwareFilter@782a8ad8, org.springframework.security.web.servletapi.SecurityContextHolderAwareRequestFilter@5243eb09, org.springframework.security.web.authentication.AnonymousAuthenticationFilter@74a4cdf6, org.springframework.security.web.session.SessionManagementFilter@15922b2d, org.springframework.security.web.access.ExceptionTranslationFilter@3f280dd, org.springframework.security.web.access.intercept.FilterSecurityInterceptor@8700505]
2022-08-26 22:35:28.291  INFO DESKTOP-GB3C1VT --- [  restartedMain] o.s.b.d.a.OptionalLiveReloadServer       : LiveReload server is running on port 35729
2022-08-26 22:35:28.312  INFO DESKTOP-GB3C1VT --- [  restartedMain] o.a.c.h.Http11NioProtocol                : Starting ProtocolHandler ["http-nio-8080"]
2022-08-26 22:35:28.319  INFO DESKTOP-GB3C1VT --- [  restartedMain] o.s.b.w.e.t.TomcatWebServer              : Tomcat started on port(s): 8080 (http) with context path ''
2022-08-26 22:35:28.343  INFO DESKTOP-GB3C1VT --- [  restartedMain] e.u.v.BeUdpm11V1Application              : Started BeUdpm11V1Application in 0.992 seconds (JVM running for 273.733)
2022-08-26 22:35:28.344  INFO DESKTOP-GB3C1VT --- [  restartedMain] e.u.v.BeUdpm11V1Application              : Info log
2022-08-26 22:35:28.345  WARN DESKTOP-GB3C1VT --- [  restartedMain] e.u.v.BeUdpm11V1Application              : Hey, This is a warning!
2022-08-26 22:35:28.345 ERROR DESKTOP-GB3C1VT --- [  restartedMain] e.u.v.BeUdpm11V1Application              : Oops! We have an Error. OK
2022-08-26 22:35:28.345 FATAL DESKTOP-GB3C1VT --- [  restartedMain] e.u.v.BeUdpm11V1Application              : Damn! Fatal error. Please fix me.
2022-08-26 22:35:28.347  INFO DESKTOP-GB3C1VT --- [  restartedMain] .ConditionEvaluationDeltaLoggingListener : Condition evaluation unchanged
2022-08-26 22:35:31.675  INFO DESKTOP-GB3C1VT --- [           main] e.u.v.m.Supplier                         : Info log
2022-08-26 22:35:31.678  WARN DESKTOP-GB3C1VT --- [           main] e.u.v.m.Supplier                         : Hey, This is a warning!
2022-08-26 22:35:31.679 ERROR DESKTOP-GB3C1VT --- [           main] e.u.v.m.Supplier                         : Oops! We have an Error. OK
2022-08-26 22:35:31.679 FATAL DESKTOP-GB3C1VT --- [           main] e.u.v.m.Supplier                         : Damn! Fatal error. Please fix me.1111
2022-08-26 22:39:56.674  INFO DESKTOP-GB3C1VT --- [   File Watcher] rtingClassPathChangeChangedEventListener : Restarting due to 1 class path change (0 additions, 0 deletions, 1 modification)
2022-08-26 22:39:57.060  INFO DESKTOP-GB3C1VT --- [      Thread-23] o.a.c.h.Http11NioProtocol                : Pausing ProtocolHandler ["http-nio-8080"]
2022-08-26 22:39:57.072  INFO DESKTOP-GB3C1VT --- [      Thread-23] o.a.c.c.StandardService                  : Stopping service [Tomcat]
2022-08-26 22:39:57.241  INFO DESKTOP-GB3C1VT --- [      Thread-23] o.a.c.h.Http11NioProtocol                : Stopping ProtocolHandler ["http-nio-8080"]
2022-08-26 22:39:57.254  INFO DESKTOP-GB3C1VT --- [      Thread-23] o.a.c.h.Http11NioProtocol                : Destroying ProtocolHandler ["http-nio-8080"]
2022-08-26 22:39:57.280  INFO DESKTOP-GB3C1VT --- [      Thread-23] j.LocalContainerEntityManagerFactoryBean : Closing JPA EntityManagerFactory for persistence unit 'default'
2022-08-26 22:39:57.316  INFO DESKTOP-GB3C1VT --- [      Thread-23] c.z.h.HikariDataSource                   : HikariPool-6 - Shutdown initiated...
2022-08-26 22:39:57.473  INFO DESKTOP-GB3C1VT --- [      Thread-23] c.z.h.HikariDataSource                   : HikariPool-6 - Shutdown completed.
